Performing C SOURCE FILE Test CMAKE_HAVE_LIBC_PTHREAD failed with the following output:
Change Dir: /home/lgj/test_cudaprj/cmake-build-debug/CMakeFiles/CMakeTmp

Run Build Command(s):/usr/bin/make cmTC_bf166/fast && /usr/bin/make  -f CMakeFiles/cmTC_bf166.dir/build.make CMakeFiles/cmTC_bf166.dir/build
make[1]: 进入目录“/home/lgj/test_cudaprj/cmake-build-debug/CMakeFiles/CMakeTmp”
Building C object CMakeFiles/cmTC_bf166.dir/src.c.o
/usr/bin/cc -DCMAKE_HAVE_LIBC_PTHREAD  -fPIC  -o CMakeFiles/cmTC_bf166.dir/src.c.o -c /home/lgj/test_cudaprj/cmake-build-debug/CMakeFiles/CMakeTmp/src.c
Linking C executable cmTC_bf166
/usr/bin/cmake -E cmake_link_script CMakeFiles/cmTC_bf166.dir/link.txt --verbose=1
/usr/bin/cc -fPIC  CMakeFiles/cmTC_bf166.dir/src.c.o -o cmTC_bf166 
CMakeFiles/cmTC_bf166.dir/src.c.o：在函数‘main’中：
src.c:(.text+0x3e)：对‘pthread_create’未定义的引用
src.c:(.text+0x4a)：对‘pthread_detach’未定义的引用
src.c:(.text+0x56)：对‘pthread_cancel’未定义的引用
src.c:(.text+0x67)：对‘pthread_join’未定义的引用
src.c:(.text+0x7b)：对‘pthread_atfork’未定义的引用
collect2: error: ld returned 1 exit status
CMakeFiles/cmTC_bf166.dir/build.make:105: recipe for target 'cmTC_bf166' failed
make[1]: *** [cmTC_bf166] Error 1
make[1]: 离开目录“/home/lgj/test_cudaprj/cmake-build-debug/CMakeFiles/CMakeTmp”
Makefile:140: recipe for target 'cmTC_bf166/fast' failed
make: *** [cmTC_bf166/fast] Error 2


Source file was:
#include <pthread.h>

static void* test_func(void* data)
{
  return data;
}

int main(void)
{
  pthread_t thread;
  pthread_create(&thread, NULL, test_func, NULL);
  pthread_detach(thread);
  pthread_cancel(thread);
  pthread_join(thread, NULL);
  pthread_atfork(NULL, NULL, NULL);
  pthread_exit(NULL);

  return 0;
}

Determining if the function pthread_create exists in the pthreads failed with the following output:
Change Dir: /home/lgj/test_cudaprj/cmake-build-debug/CMakeFiles/CMakeTmp

Run Build Command(s):/usr/bin/make cmTC_ae8c8/fast && /usr/bin/make  -f CMakeFiles/cmTC_ae8c8.dir/build.make CMakeFiles/cmTC_ae8c8.dir/build
make[1]: 进入目录“/home/lgj/test_cudaprj/cmake-build-debug/CMakeFiles/CMakeTmp”
Building C object CMakeFiles/cmTC_ae8c8.dir/CheckFunctionExists.c.o
/usr/bin/cc   -fPIC -DCHECK_FUNCTION_EXISTS=pthread_create -o CMakeFiles/cmTC_ae8c8.dir/CheckFunctionExists.c.o -c /usr/share/cmake-3.19/Modules/CheckFunctionExists.c
Linking C executable cmTC_ae8c8
/usr/bin/cmake -E cmake_link_script CMakeFiles/cmTC_ae8c8.dir/link.txt --verbose=1
/usr/bin/cc -fPIC -DCHECK_FUNCTION_EXISTS=pthread_create CMakeFiles/cmTC_ae8c8.dir/CheckFunctionExists.c.o -o cmTC_ae8c8  -lpthreads 
/usr/bin/ld: 找不到 -lpthreads
collect2: error: ld returned 1 exit status
CMakeFiles/cmTC_ae8c8.dir/build.make:105: recipe for target 'cmTC_ae8c8' failed
make[1]: *** [cmTC_ae8c8] Error 1
make[1]: 离开目录“/home/lgj/test_cudaprj/cmake-build-debug/CMakeFiles/CMakeTmp”
Makefile:140: recipe for target 'cmTC_ae8c8/fast' failed
make: *** [cmTC_ae8c8/fast] Error 2



